app/build/intermediates/manifest_merge_blame_file/debug/manifest-merger-blame-debug-report.txt
1<?xml version="1.0" encoding="utf-8"?>
2<manifest xmlns:android="http://schemas.android.com/apk/res/android"
3    package="com.example.finalsdl1"
4    android:versionCode="1"
5    android:versionName="1.0" >
6
7    <uses-sdk
8        android:minSdkVersion="16"
8-->src\main\AndroidManifest.xml
9        android:targetSdkVersion="29" />
9-->src\main\AndroidManifest.xml
10
11    <application
11-->src\main\AndroidManifest.xml:5:5-27:19
12        android:allowBackup="true"
12-->src\main\AndroidManifest.xml:6:9-35
13        android:appComponentFactory="androidx.core.app.CoreComponentFactory"
13-->[androidx.core:core:1.1.0] AndroidManifest.xml:24:18-86
14        android:debuggable="true"
15        android:icon="@mipmap/ic_launcher"
15-->src\main\AndroidManifest.xml:7:9-43
16        android:label="@string/app_name"
16-->src\main\AndroidManifest.xml:8:9-41
17        android:roundIcon="@mipmap/ic_launcher_round"
17-->src\main\AndroidManifest.xml:9:9-54
18        android:supportsRtl="true"
18-->src\main\AndroidManifest.xml:10:9-35
19        android:testOnly="true"
20        android:theme="@style/AppTheme" >
20-->src\main\AndroidManifest.xml:11:9-40
21        <activity android:name="com.example.finalsdl1.HomeActivity" />
21-->src\main\AndroidManifest.xml:12:9-59
21-->src\main\AndroidManifest.xml:12:19-47
22        <activity android:name="com.example.finalsdl1.RegisterActivity" />
22-->src\main\AndroidManifest.xml:13:9-54
22-->src\main\AndroidManifest.xml:13:19-51
23        <activity android:name="com.example.finalsdl1.LoginActivity" />
23-->src\main\AndroidManifest.xml:14:9-51
23-->src\main\AndroidManifest.xml:14:19-48
24        <activity android:name="com.example.finalsdl1.CompanyData" />
24-->src\main\AndroidManifest.xml:15:9-49
24-->src\main\AndroidManifest.xml:15:19-46
25        <activity android:name="com.example.finalsdl1.StudentLogin" />
25-->src\main\AndroidManifest.xml:16:9-50
25-->src\main\AndroidManifest.xml:16:19-47
26        <activity android:name="com.example.finalsdl1.MainActivity1" />
26-->src\main\AndroidManifest.xml:17:9-71
26-->src\main\AndroidManifest.xml:17:19-69
27        <activity
27-->src\main\AndroidManifest.xml:18:9-26:20
28            android:name="com.example.finalsdl1.MainActivity"
28-->src\main\AndroidManifest.xml:19:13-41
29            android:exported="true" >
29-->src\main\AndroidManifest.xml:20:13-36
30            <intent-filter>
30-->src\main\AndroidManifest.xml:21:13-25:29
31                <action android:name="android.intent.action.MAIN" />
31-->src\main\AndroidManifest.xml:22:17-69
31-->src\main\AndroidManifest.xml:22:25-66
32
33                <category android:name="android.intent.category.LAUNCHER" />
33-->src\main\AndroidManifest.xml:24:17-77
33-->src\main\AndroidManifest.xml:24:27-74
34            </intent-filter>
35        </activity>
36
37        <provider
37-->[androidx.lifecycle:lifecycle-process:2.0.0] AndroidManifest.xml:23:9-27:43
38            android:name="androidx.lifecycle.ProcessLifecycleOwnerInitializer"
38-->[androidx.lifecycle:lifecycle-process:2.0.0] AndroidManifest.xml:24:13-79
39            android:authorities="com.example.finalsdl1.lifecycle-process"
39-->[androidx.lifecycle:lifecycle-process:2.0.0] AndroidManifest.xml:25:13-69
40            android:exported="false"
40-->[androidx.lifecycle:lifecycle-process:2.0.0] AndroidManifest.xml:26:13-37
41            android:multiprocess="true" />
41-->[androidx.lifecycle:lifecycle-process:2.0.0] AndroidManifest.xml:27:13-40
42    </application>
43
44</manifest>